/vol/bitbucket/mjh24/IAEA-thesis/GAT.py:111: UserWarning: Sparse CSR tensor support is in beta state. If you miss a functionality in the sparse tensor support, please submit a feature request to https://github.com/pytorch/pytorch/issues. (Triggered internally at /pytorch/aten/src/ATen/SparseCsrTensorImpl.cpp:53.)
  return torch.sparse_csr_tensor(
GraphAttentionNetwork(
  (tr1): TransformerConv(119, 32, heads=2)
  (ln1): LayerNorm((64,), eps=1e-05, elementwise_affine=True)
  (tr2): TransformerConv(64, 32, heads=1)
  (ln2): LayerNorm((32,), eps=1e-05, elementwise_affine=True)
  (tr3): TransformerConv(32, 8, heads=1)
  (edge_mlp): Sequential(
    (0): Linear(in_features=48, out_features=8, bias=True)
    (1): ReLU()
    (2): Linear(in_features=8, out_features=1, bias=True)
  )
  (title_head): Sequential(
    (0): Linear(in_features=8, out_features=8, bias=True)
    (1): ReLU()
    (2): Dropout(p=0.1, inplace=False)
    (3): Linear(in_features=8, out_features=1, bias=True)
  )
)
epoch 20/45 edge_loss=0.0489, title_loss=0.0136, loss=0.0625
epoch 40/45 edge_loss=0.0484, title_loss=0.0136, loss=0.0620
Validating ['swde_HTMLgraphs/movie/movie/movie-allmovie(2000)'] website type
Epoch 001/120 loss=0.0615  P=0.529 R=0.529 F1=0.529  lr=3.07e-05  E_features=False A_features=True
epoch 20/45 edge_loss=0.0474, title_loss=0.0139, loss=0.0614
epoch 40/45 edge_loss=0.0467, title_loss=0.0140, loss=0.0607
Validating ['swde_HTMLgraphs/movie/movie/movie-allmovie(2000)'] website type
Epoch 002/120 loss=0.0610  P=0.420 R=0.420 F1=0.420  lr=7.25e-05  E_features=False A_features=True
epoch 20/45 edge_loss=0.0460, title_loss=0.0142, loss=0.0602
epoch 40/45 edge_loss=0.0454, title_loss=0.0144, loss=0.0598
Validating ['swde_HTMLgraphs/movie/movie/movie-allmovie(2000)'] website type
Epoch 003/120 loss=0.0601  P=0.384 R=0.384 F1=0.384  lr=1.35e-04  E_features=False A_features=True
epoch 20/45 edge_loss=0.0441, title_loss=0.0147, loss=0.0588
epoch 40/45 edge_loss=0.0435, title_loss=0.0147, loss=0.0581
Validating ['swde_HTMLgraphs/movie/movie/movie-allmovie(2000)'] website type
Epoch 004/120 loss=0.0587  P=0.363 R=0.363 F1=0.363  lr=2.09e-04  E_features=False A_features=True
epoch 20/45 edge_loss=0.0429, title_loss=0.0151, loss=0.0581
epoch 40/45 edge_loss=0.0427, title_loss=0.0149, loss=0.0576
Validating ['swde_HTMLgraphs/movie/movie/movie-allmovie(2000)'] website type
Epoch 005/120 loss=0.0579  P=0.551 R=0.551 F1=0.551  lr=2.82e-04  E_features=False A_features=True
epoch 20/45 edge_loss=0.0424, title_loss=0.0151, loss=0.0575
epoch 40/45 edge_loss=0.0422, title_loss=0.0149, loss=0.0571
Validating ['swde_HTMLgraphs/movie/movie/movie-allmovie(2000)'] website type
Epoch 006/120 loss=0.0565  P=0.639 R=0.639 F1=0.639  lr=3.45e-04  E_features=False A_features=True
epoch 20/45 edge_loss=0.0418, title_loss=0.0148, loss=0.0566
epoch 40/45 edge_loss=0.0413, title_loss=0.0140, loss=0.0553
Validating ['swde_HTMLgraphs/movie/movie/movie-allmovie(2000)'] website type
Epoch 007/120 loss=0.0538  P=0.685 R=0.685 F1=0.685  lr=3.86e-04  E_features=False A_features=True
epoch 20/45 edge_loss=0.0407, title_loss=0.0131, loss=0.0538
epoch 40/45 edge_loss=0.0400, title_loss=0.0114, loss=0.0513
Validating ['swde_HTMLgraphs/movie/movie/movie-allmovie(2000)'] website type
Epoch 008/120 loss=0.0522  P=0.669 R=0.668 F1=0.668  lr=4.00e-04  E_features=False A_features=True
epoch 20/45 edge_loss=0.0394, title_loss=0.0085, loss=0.0479
epoch 40/45 edge_loss=0.0390, title_loss=0.0063, loss=0.0452
Validating ['swde_HTMLgraphs/movie/movie/movie-allmovie(2000)'] website type
Epoch 009/120 loss=0.0610  P=0.669 R=0.669 F1=0.669  lr=4.00e-04  E_features=False A_features=True
epoch 20/45 edge_loss=0.0381, title_loss=0.0052, loss=0.0433
epoch 40/45 edge_loss=0.0376, title_loss=0.0045, loss=0.0421
Validating ['swde_HTMLgraphs/movie/movie/movie-allmovie(2000)'] website type
Epoch 010/120 loss=0.0660  P=0.691 R=0.691 F1=0.691  lr=3.99e-04  E_features=False A_features=True
epoch 20/45 edge_loss=0.0377, title_loss=0.0042, loss=0.0418
epoch 40/45 edge_loss=0.0366, title_loss=0.0037, loss=0.0404
Validating ['swde_HTMLgraphs/movie/movie/movie-allmovie(2000)'] website type
Epoch 011/120 loss=0.0654  P=0.708 R=0.708 F1=0.708  lr=3.98e-04  E_features=False A_features=True
epoch 20/45 edge_loss=0.0364, title_loss=0.0033, loss=0.0397
epoch 40/45 edge_loss=0.0359, title_loss=0.0027, loss=0.0386
Validating ['swde_HTMLgraphs/movie/movie/movie-allmovie(2000)'] website type
Epoch 012/120 loss=0.0675  P=0.708 R=0.708 F1=0.708  lr=3.97e-04  E_features=False A_features=True
epoch 20/45 edge_loss=0.0356, title_loss=0.0025, loss=0.0381
epoch 40/45 edge_loss=0.0352, title_loss=0.0025, loss=0.0377
Validating ['swde_HTMLgraphs/movie/movie/movie-allmovie(2000)'] website type
Epoch 013/120 loss=0.0676  P=0.715 R=0.715 F1=0.715  lr=3.95e-04  E_features=False A_features=True
epoch 20/45 edge_loss=0.0348, title_loss=0.0022, loss=0.0371
epoch 40/45 edge_loss=0.0345, title_loss=0.0026, loss=0.0371
Validating ['swde_HTMLgraphs/movie/movie/movie-allmovie(2000)'] website type
Epoch 014/120 loss=0.0659  P=0.715 R=0.715 F1=0.715  lr=3.93e-04  E_features=False A_features=True
epoch 20/45 edge_loss=0.0342, title_loss=0.0022, loss=0.0363
epoch 40/45 edge_loss=0.0337, title_loss=0.0024, loss=0.0360
Validating ['swde_HTMLgraphs/movie/movie/movie-allmovie(2000)'] website type
Epoch 015/120 loss=0.0666  P=0.713 R=0.712 F1=0.712  lr=3.91e-04  E_features=False A_features=True
epoch 20/45 edge_loss=0.0341, title_loss=0.0021, loss=0.0362
epoch 40/45 edge_loss=0.0330, title_loss=0.0020, loss=0.0350
Validating ['swde_HTMLgraphs/movie/movie/movie-allmovie(2000)'] website type
Epoch 016/120 loss=0.0576  P=0.713 R=0.713 F1=0.713  lr=3.88e-04  E_features=False A_features=True
epoch 20/45 edge_loss=0.0334, title_loss=0.0018, loss=0.0352
epoch 40/45 edge_loss=0.0328, title_loss=0.0022, loss=0.0350
Validating ['swde_HTMLgraphs/movie/movie/movie-allmovie(2000)'] website type
Epoch 017/120 loss=0.0588  P=0.713 R=0.713 F1=0.713  lr=3.85e-04  E_features=False A_features=True
epoch 20/45 edge_loss=0.0323, title_loss=0.0021, loss=0.0344
epoch 40/45 edge_loss=0.0321, title_loss=0.0019, loss=0.0340
Validating ['swde_HTMLgraphs/movie/movie/movie-allmovie(2000)'] website type
Epoch 018/120 loss=0.0528  P=0.703 R=0.703 F1=0.703  lr=3.81e-04  E_features=False A_features=True
epoch 20/45 edge_loss=0.0317, title_loss=0.0027, loss=0.0344
epoch 40/45 edge_loss=0.0322, title_loss=0.0018, loss=0.0340
Validating ['swde_HTMLgraphs/movie/movie/movie-allmovie(2000)'] website type
Epoch 019/120 loss=0.0446  P=0.697 R=0.696 F1=0.697  lr=3.77e-04  E_features=False A_features=True
epoch 20/45 edge_loss=0.0316, title_loss=0.0018, loss=0.0334
epoch 40/45 edge_loss=0.0315, title_loss=0.0022, loss=0.0337
Validating ['swde_HTMLgraphs/movie/movie/movie-allmovie(2000)'] website type
Epoch 020/120 loss=0.0393  P=0.690 R=0.690 F1=0.690  lr=3.73e-04  E_features=False A_features=True
epoch 20/45 edge_loss=0.0310, title_loss=0.0023, loss=0.0333
epoch 40/45 edge_loss=0.0309, title_loss=0.0025, loss=0.0333
Validating ['swde_HTMLgraphs/movie/movie/movie-allmovie(2000)'] website type
Epoch 021/120 loss=0.0384  P=0.685 R=0.685 F1=0.685  lr=3.69e-04  E_features=False A_features=True
epoch 20/45 edge_loss=0.0307, title_loss=0.0020, loss=0.0327
epoch 40/45 edge_loss=0.0299, title_loss=0.0021, loss=0.0319
Validating ['swde_HTMLgraphs/movie/movie/movie-allmovie(2000)'] website type
Epoch 022/120 loss=0.0386  P=0.684 R=0.683 F1=0.683  lr=3.64e-04  E_features=False A_features=True
epoch 20/45 edge_loss=0.0300, title_loss=0.0019, loss=0.0319
epoch 40/45 edge_loss=0.0295, title_loss=0.0021, loss=0.0316
Validating ['swde_HTMLgraphs/movie/movie/movie-allmovie(2000)'] website type
Epoch 023/120 loss=0.0392  P=0.680 R=0.680 F1=0.680  lr=3.59e-04  E_features=False A_features=True
epoch 20/45 edge_loss=0.0291, title_loss=0.0022, loss=0.0312
epoch 40/45 edge_loss=0.0291, title_loss=0.0023, loss=0.0314
Validating ['swde_HTMLgraphs/movie/movie/movie-allmovie(2000)'] website type
Epoch 024/120 loss=0.0402  P=0.676 R=0.676 F1=0.676  lr=3.53e-04  E_features=False A_features=True
epoch 20/45 edge_loss=0.0293, title_loss=0.0025, loss=0.0318
epoch 40/45 edge_loss=0.0286, title_loss=0.0019, loss=0.0306
Validating ['swde_HTMLgraphs/movie/movie/movie-allmovie(2000)'] website type
Epoch 025/120 loss=0.0406  P=0.673 R=0.673 F1=0.673  lr=3.47e-04  E_features=False A_features=True
epoch 20/45 edge_loss=0.0287, title_loss=0.0023, loss=0.0311
epoch 40/45 edge_loss=0.0290, title_loss=0.0023, loss=0.0313
Validating ['swde_HTMLgraphs/movie/movie/movie-allmovie(2000)'] website type
Epoch 026/120 loss=0.0418  P=0.672 R=0.672 F1=0.672  lr=3.41e-04  E_features=False A_features=True
epoch 20/45 edge_loss=0.0293, title_loss=0.0024, loss=0.0317
epoch 40/45 edge_loss=0.0285, title_loss=0.0022, loss=0.0308
Validating ['swde_HTMLgraphs/movie/movie/movie-allmovie(2000)'] website type
Epoch 027/120 loss=0.0435  P=0.668 R=0.668 F1=0.668  lr=3.35e-04  E_features=False A_features=True
epoch 20/45 edge_loss=0.0278, title_loss=0.0023, loss=0.0301
epoch 40/45 edge_loss=0.0283, title_loss=0.0023, loss=0.0306
Validating ['swde_HTMLgraphs/movie/movie/movie-allmovie(2000)'] website type
Epoch 028/120 loss=0.0518  P=0.667 R=0.667 F1=0.667  lr=3.28e-04  E_features=False A_features=True
epoch 20/45 edge_loss=0.0277, title_loss=0.0020, loss=0.0297
epoch 40/45 edge_loss=0.0280, title_loss=0.0018, loss=0.0299
Validating ['swde_HTMLgraphs/movie/movie/movie-allmovie(2000)'] website type
Epoch 029/120 loss=0.0476  P=0.668 R=0.668 F1=0.668  lr=3.22e-04  E_features=False A_features=True
epoch 20/45 edge_loss=0.0280, title_loss=0.0020, loss=0.0299
epoch 40/45 edge_loss=0.0280, title_loss=0.0019, loss=0.0299
Validating ['swde_HTMLgraphs/movie/movie/movie-allmovie(2000)'] website type
Epoch 030/120 loss=0.0573  P=0.668 R=0.668 F1=0.668  lr=3.15e-04  E_features=False A_features=True
epoch 20/45 edge_loss=0.0275, title_loss=0.0016, loss=0.0291
epoch 40/45 edge_loss=0.0273, title_loss=0.0019, loss=0.0292
Validating ['swde_HTMLgraphs/movie/movie/movie-allmovie(2000)'] website type
Epoch 031/120 loss=0.0611  P=0.669 R=0.669 F1=0.669  lr=3.07e-04  E_features=False A_features=True
epoch 20/45 edge_loss=0.0274, title_loss=0.0020, loss=0.0295
epoch 40/45 edge_loss=0.0274, title_loss=0.0019, loss=0.0293
Validating ['swde_HTMLgraphs/movie/movie/movie-allmovie(2000)'] website type
Epoch 032/120 loss=0.0782  P=0.664 R=0.664 F1=0.664  lr=3.00e-04  E_features=False A_features=True
epoch 20/45 edge_loss=0.0268, title_loss=0.0022, loss=0.0290
epoch 40/45 edge_loss=0.0278, title_loss=0.0020, loss=0.0297
Validating ['swde_HTMLgraphs/movie/movie/movie-allmovie(2000)'] website type
Epoch 033/120 loss=0.0810  P=0.667 R=0.667 F1=0.667  lr=2.92e-04  E_features=False A_features=True
epoch 20/45 edge_loss=0.0270, title_loss=0.0028, loss=0.0298
epoch 40/45 edge_loss=0.0264, title_loss=0.0020, loss=0.0284
Validating ['swde_HTMLgraphs/movie/movie/movie-allmovie(2000)'] website type
Epoch 034/120 loss=0.0854  P=0.668 R=0.668 F1=0.668  lr=2.84e-04  E_features=False A_features=True
epoch 20/45 edge_loss=0.0270, title_loss=0.0021, loss=0.0291
epoch 40/45 edge_loss=0.0266, title_loss=0.0020, loss=0.0286
Validating ['swde_HTMLgraphs/movie/movie/movie-allmovie(2000)'] website type
Epoch 035/120 loss=0.0945  P=0.667 R=0.667 F1=0.667  lr=2.76e-04  E_features=False A_features=True
epoch 20/45 edge_loss=0.0268, title_loss=0.0017, loss=0.0284
epoch 40/45 edge_loss=0.0262, title_loss=0.0020, loss=0.0282
Validating ['swde_HTMLgraphs/movie/movie/movie-allmovie(2000)'] website type
Epoch 036/120 loss=0.0967  P=0.670 R=0.670 F1=0.670  lr=2.68e-04  E_features=False A_features=True
epoch 20/45 edge_loss=0.0261, title_loss=0.0013, loss=0.0274
epoch 40/45 edge_loss=0.0266, title_loss=0.0026, loss=0.0292
Validating ['swde_HTMLgraphs/movie/movie/movie-allmovie(2000)'] website type
Epoch 037/120 loss=0.0989  P=0.668 R=0.668 F1=0.668  lr=2.60e-04  E_features=False A_features=True
epoch 20/45 edge_loss=0.0260, title_loss=0.0023, loss=0.0283
epoch 40/45 edge_loss=0.0257, title_loss=0.0021, loss=0.0278
Validating ['swde_HTMLgraphs/movie/movie/movie-allmovie(2000)'] website type
Epoch 038/120 loss=0.1033  P=0.667 R=0.667 F1=0.667  lr=2.52e-04  E_features=False A_features=True
epoch 20/45 edge_loss=0.0260, title_loss=0.0019, loss=0.0279
epoch 40/45 edge_loss=0.0263, title_loss=0.0018, loss=0.0281
Validating ['swde_HTMLgraphs/movie/movie/movie-allmovie(2000)'] website type
Epoch 039/120 loss=0.1017  P=0.665 R=0.665 F1=0.665  lr=2.43e-04  E_features=False A_features=True
epoch 20/45 edge_loss=0.0255, title_loss=0.0026, loss=0.0282
epoch 40/45 edge_loss=0.0259, title_loss=0.0017, loss=0.0276
Validating ['swde_HTMLgraphs/movie/movie/movie-allmovie(2000)'] website type
Epoch 040/120 loss=0.1063  P=0.663 R=0.663 F1=0.663  lr=2.35e-04  E_features=False A_features=True
epoch 20/45 edge_loss=0.0254, title_loss=0.0021, loss=0.0275
epoch 40/45 edge_loss=0.0258, title_loss=0.0025, loss=0.0282
Validating ['swde_HTMLgraphs/movie/movie/movie-allmovie(2000)'] website type
Epoch 041/120 loss=0.1124  P=0.663 R=0.663 F1=0.663  lr=2.26e-04  E_features=False A_features=True
epoch 20/45 edge_loss=0.0258, title_loss=0.0023, loss=0.0280
epoch 40/45 edge_loss=0.0250, title_loss=0.0021, loss=0.0271
Validating ['swde_HTMLgraphs/movie/movie/movie-allmovie(2000)'] website type
Epoch 042/120 loss=0.1138  P=0.657 R=0.657 F1=0.657  lr=2.17e-04  E_features=False A_features=True
epoch 20/45 edge_loss=0.0250, title_loss=0.0021, loss=0.0271
epoch 40/45 edge_loss=0.0255, title_loss=0.0020, loss=0.0274
Validating ['swde_HTMLgraphs/movie/movie/movie-allmovie(2000)'] website type
Epoch 043/120 loss=0.1184  P=0.656 R=0.656 F1=0.656  lr=2.09e-04  E_features=False A_features=True
epoch 20/45 edge_loss=0.0254, title_loss=0.0018, loss=0.0272
epoch 40/45 edge_loss=0.0254, title_loss=0.0019, loss=0.0274
Validating ['swde_HTMLgraphs/movie/movie/movie-allmovie(2000)'] website type
Epoch 044/120 loss=0.1241  P=0.648 R=0.648 F1=0.648  lr=2.00e-04  E_features=False A_features=True
epoch 20/45 edge_loss=0.0252, title_loss=0.0024, loss=0.0277
epoch 40/45 edge_loss=0.0254, title_loss=0.0020, loss=0.0274
Validating ['swde_HTMLgraphs/movie/movie/movie-allmovie(2000)'] website type
Epoch 045/120 loss=0.1271  P=0.653 R=0.653 F1=0.653  lr=1.91e-04  E_features=False A_features=True
epoch 20/45 edge_loss=0.0253, title_loss=0.0022, loss=0.0275
epoch 40/45 edge_loss=0.0246, title_loss=0.0020, loss=0.0266
Validating ['swde_HTMLgraphs/movie/movie/movie-allmovie(2000)'] website type
Epoch 046/120 loss=0.1291  P=0.649 R=0.649 F1=0.649  lr=1.82e-04  E_features=False A_features=True
epoch 20/45 edge_loss=0.0246, title_loss=0.0029, loss=0.0275
epoch 40/45 edge_loss=0.0249, title_loss=0.0022, loss=0.0271
Validating ['swde_HTMLgraphs/movie/movie/movie-allmovie(2000)'] website type
Epoch 047/120 loss=0.1296  P=0.646 R=0.646 F1=0.646  lr=1.74e-04  E_features=False A_features=True
epoch 20/45 edge_loss=0.0247, title_loss=0.0018, loss=0.0265
epoch 40/45 edge_loss=0.0246, title_loss=0.0019, loss=0.0265
Validating ['swde_HTMLgraphs/movie/movie/movie-allmovie(2000)'] website type
Epoch 048/120 loss=0.1333  P=0.645 R=0.645 F1=0.645  lr=1.65e-04  E_features=False A_features=True
epoch 20/45 edge_loss=0.0244, title_loss=0.0030, loss=0.0274
epoch 40/45 edge_loss=0.0240, title_loss=0.0018, loss=0.0258
Validating ['swde_HTMLgraphs/movie/movie/movie-allmovie(2000)'] website type
Epoch 049/120 loss=0.1359  P=0.649 R=0.649 F1=0.649  lr=1.57e-04  E_features=False A_features=True
epoch 20/45 edge_loss=0.0245, title_loss=0.0020, loss=0.0265
epoch 40/45 edge_loss=0.0246, title_loss=0.0020, loss=0.0266
Validating ['swde_HTMLgraphs/movie/movie/movie-allmovie(2000)'] website type
Epoch 050/120 loss=0.1416  P=0.641 R=0.641 F1=0.641  lr=1.48e-04  E_features=False A_features=True
epoch 20/45 edge_loss=0.0244, title_loss=0.0020, loss=0.0264
epoch 40/45 edge_loss=0.0244, title_loss=0.0020, loss=0.0265
Validating ['swde_HTMLgraphs/movie/movie/movie-allmovie(2000)'] website type
Epoch 051/120 loss=0.1403  P=0.640 R=0.640 F1=0.640  lr=1.40e-04  E_features=False A_features=True
epoch 20/45 edge_loss=0.0242, title_loss=0.0016, loss=0.0258
epoch 40/45 edge_loss=0.0241, title_loss=0.0019, loss=0.0260
Validating ['swde_HTMLgraphs/movie/movie/movie-allmovie(2000)'] website type
Epoch 052/120 loss=0.1436  P=0.639 R=0.639 F1=0.639  lr=1.31e-04  E_features=False A_features=True
epoch 20/45 edge_loss=0.0239, title_loss=0.0033, loss=0.0272
epoch 40/45 edge_loss=0.0241, title_loss=0.0021, loss=0.0263
Validating ['swde_HTMLgraphs/movie/movie/movie-allmovie(2000)'] website type
Epoch 053/120 loss=0.1457  P=0.638 R=0.637 F1=0.637  lr=1.23e-04  E_features=False A_features=True
epoch 20/45 edge_loss=0.0244, title_loss=0.0029, loss=0.0272
epoch 40/45 edge_loss=0.0241, title_loss=0.0024, loss=0.0265
Validating ['swde_HTMLgraphs/movie/movie/movie-allmovie(2000)'] website type
Epoch 054/120 loss=0.1476  P=0.635 R=0.635 F1=0.635  lr=1.15e-04  E_features=False A_features=True
epoch 20/45 edge_loss=0.0235, title_loss=0.0018, loss=0.0253
epoch 40/45 edge_loss=0.0237, title_loss=0.0027, loss=0.0265
Validating ['swde_HTMLgraphs/movie/movie/movie-allmovie(2000)'] website type
Epoch 055/120 loss=0.1550  P=0.628 R=0.628 F1=0.628  lr=1.07e-04  E_features=False A_features=True
epoch 20/45 edge_loss=0.0246, title_loss=0.0015, loss=0.0260
epoch 40/45 edge_loss=0.0242, title_loss=0.0042, loss=0.0284
Validating ['swde_HTMLgraphs/movie/movie/movie-allmovie(2000)'] website type
Epoch 056/120 loss=0.1560  P=0.632 R=0.632 F1=0.632  lr=9.98e-05  E_features=False A_features=True
epoch 20/45 edge_loss=0.0240, title_loss=0.0020, loss=0.0260
epoch 40/45 edge_loss=0.0241, title_loss=0.0022, loss=0.0263
Validating ['swde_HTMLgraphs/movie/movie/movie-allmovie(2000)'] website type
Epoch 057/120 loss=0.1610  P=0.631 R=0.631 F1=0.631  lr=9.24e-05  E_features=False A_features=True
epoch 20/45 edge_loss=0.0236, title_loss=0.0021, loss=0.0257
epoch 40/45 edge_loss=0.0234, title_loss=0.0025, loss=0.0259
Validating ['swde_HTMLgraphs/movie/movie/movie-allmovie(2000)'] website type
Epoch 058/120 loss=0.1609  P=0.630 R=0.630 F1=0.630  lr=8.51e-05  E_features=False A_features=True
epoch 20/45 edge_loss=0.0234, title_loss=0.0023, loss=0.0256
epoch 40/45 edge_loss=0.0244, title_loss=0.0025, loss=0.0269
Validating ['swde_HTMLgraphs/movie/movie/movie-allmovie(2000)'] website type
Epoch 059/120 loss=0.1629  P=0.631 R=0.631 F1=0.631  lr=7.81e-05  E_features=False A_features=True
epoch 20/45 edge_loss=0.0239, title_loss=0.0024, loss=0.0263
epoch 40/45 edge_loss=0.0232, title_loss=0.0018, loss=0.0250
Validating ['swde_HTMLgraphs/movie/movie/movie-allmovie(2000)'] website type
Epoch 060/120 loss=0.1642  P=0.631 R=0.631 F1=0.631  lr=7.13e-05  E_features=False A_features=True
epoch 20/45 edge_loss=0.0235, title_loss=0.0019, loss=0.0253
epoch 40/45 edge_loss=0.0234, title_loss=0.0031, loss=0.0265
Validating ['swde_HTMLgraphs/movie/movie/movie-allmovie(2000)'] website type
Epoch 061/120 loss=0.1672  P=0.629 R=0.629 F1=0.629  lr=6.47e-05  E_features=False A_features=True
epoch 20/45 edge_loss=0.0230, title_loss=0.0025, loss=0.0254
epoch 40/45 edge_loss=0.0241, title_loss=0.0016, loss=0.0257
Validating ['swde_HTMLgraphs/movie/movie/movie-allmovie(2000)'] website type
Epoch 062/120 loss=0.1688  P=0.629 R=0.629 F1=0.629  lr=5.84e-05  E_features=False A_features=True
epoch 20/45 edge_loss=0.0232, title_loss=0.0025, loss=0.0258
epoch 40/45 edge_loss=0.0232, title_loss=0.0029, loss=0.0261
Validating ['swde_HTMLgraphs/movie/movie/movie-allmovie(2000)'] website type
Epoch 063/120 loss=0.1697  P=0.629 R=0.629 F1=0.629  lr=5.24e-05  E_features=False A_features=True
epoch 20/45 edge_loss=0.0236, title_loss=0.0031, loss=0.0267
epoch 40/45 edge_loss=0.0227, title_loss=0.0025, loss=0.0252
Validating ['swde_HTMLgraphs/movie/movie/movie-allmovie(2000)'] website type
Epoch 064/120 loss=0.1681  P=0.628 R=0.628 F1=0.628  lr=4.67e-05  E_features=False A_features=True
epoch 20/45 edge_loss=0.0235, title_loss=0.0023, loss=0.0257
epoch 40/45 edge_loss=0.0233, title_loss=0.0025, loss=0.0258
Validating ['swde_HTMLgraphs/movie/movie/movie-allmovie(2000)'] website type
Epoch 065/120 loss=0.1736  P=0.627 R=0.627 F1=0.627  lr=4.12e-05  E_features=False A_features=True
epoch 20/45 edge_loss=0.0233, title_loss=0.0018, loss=0.0251
epoch 40/45 edge_loss=0.0237, title_loss=0.0025, loss=0.0262
Validating ['swde_HTMLgraphs/movie/movie/movie-allmovie(2000)'] website type
Epoch 066/120 loss=0.1739  P=0.628 R=0.628 F1=0.628  lr=3.61e-05  E_features=False A_features=True
epoch 20/45 edge_loss=0.0239, title_loss=0.0024, loss=0.0263
epoch 40/45 edge_loss=0.0238, title_loss=0.0021, loss=0.0259
Validating ['swde_HTMLgraphs/movie/movie/movie-allmovie(2000)'] website type
Epoch 067/120 loss=0.1768  P=0.628 R=0.628 F1=0.628  lr=3.12e-05  E_features=False A_features=True
epoch 20/45 edge_loss=0.0237, title_loss=0.0040, loss=0.0277
epoch 40/45 edge_loss=0.0229, title_loss=0.0028, loss=0.0258
Validating ['swde_HTMLgraphs/movie/movie/movie-allmovie(2000)'] website type
Epoch 068/120 loss=0.1758  P=0.627 R=0.627 F1=0.627  lr=2.67e-05  E_features=False A_features=True
epoch 20/45 edge_loss=0.0236, title_loss=0.0020, loss=0.0256
epoch 40/45 edge_loss=0.0235, title_loss=0.0025, loss=0.0260
Validating ['swde_HTMLgraphs/movie/movie/movie-allmovie(2000)'] website type
Epoch 069/120 loss=0.1776  P=0.629 R=0.629 F1=0.629  lr=2.25e-05  E_features=False A_features=True
epoch 20/45 edge_loss=0.0238, title_loss=0.0021, loss=0.0259
epoch 40/45 edge_loss=0.0234, title_loss=0.0021, loss=0.0255
Validating ['swde_HTMLgraphs/movie/movie/movie-allmovie(2000)'] website type
Epoch 070/120 loss=0.1794  P=0.627 R=0.627 F1=0.627  lr=1.87e-05  E_features=False A_features=True
epoch 20/45 edge_loss=0.0235, title_loss=0.0029, loss=0.0264
epoch 40/45 edge_loss=0.0230, title_loss=0.0025, loss=0.0255
Validating ['swde_HTMLgraphs/movie/movie/movie-allmovie(2000)'] website type
Epoch 071/120 loss=0.1814  P=0.628 R=0.628 F1=0.628  lr=1.52e-05  E_features=False A_features=True
epoch 20/45 edge_loss=0.0234, title_loss=0.0023, loss=0.0258
epoch 40/45 edge_loss=0.0237, title_loss=0.0031, loss=0.0268
Validating ['swde_HTMLgraphs/movie/movie/movie-allmovie(2000)'] website type
Epoch 072/120 loss=0.1832  P=0.628 R=0.628 F1=0.628  lr=1.20e-05  E_features=False A_features=True
epoch 20/45 edge_loss=0.0235, title_loss=0.0025, loss=0.0260
epoch 40/45 edge_loss=0.0230, title_loss=0.0027, loss=0.0257
Validating ['swde_HTMLgraphs/movie/movie/movie-allmovie(2000)'] website type
Epoch 073/120 loss=0.1848  P=0.628 R=0.628 F1=0.628  lr=9.20e-06  E_features=False A_features=True
epoch 20/45 edge_loss=0.0231, title_loss=0.0023, loss=0.0254
epoch 40/45 edge_loss=0.0229, title_loss=0.0034, loss=0.0262
Validating ['swde_HTMLgraphs/movie/movie/movie-allmovie(2000)'] website type
Epoch 074/120 loss=0.1855  P=0.628 R=0.627 F1=0.628  lr=6.77e-06  E_features=False A_features=True
epoch 20/45 edge_loss=0.0230, title_loss=0.0025, loss=0.0256
epoch 40/45 edge_loss=0.0231, title_loss=0.0035, loss=0.0266
Validating ['swde_HTMLgraphs/movie/movie/movie-allmovie(2000)'] website type
Epoch 075/120 loss=0.1869  P=0.627 R=0.627 F1=0.627  lr=4.70e-06  E_features=False A_features=True
epoch 20/45 edge_loss=0.0234, title_loss=0.0035, loss=0.0269
epoch 40/45 edge_loss=0.0228, title_loss=0.0033, loss=0.0261
Validating ['swde_HTMLgraphs/movie/movie/movie-allmovie(2000)'] website type
Epoch 076/120 loss=0.1878  P=0.628 R=0.628 F1=0.628  lr=3.01e-06  E_features=False A_features=True
epoch 20/45 edge_loss=0.0235, title_loss=0.0028, loss=0.0263
epoch 40/45 edge_loss=0.0230, title_loss=0.0026, loss=0.0256
Validating ['swde_HTMLgraphs/movie/movie/movie-allmovie(2000)'] website type
Epoch 077/120 loss=0.1891  P=0.628 R=0.628 F1=0.628  lr=1.69e-06  E_features=False A_features=True
epoch 20/45 edge_loss=0.0236, title_loss=0.0026, loss=0.0262
epoch 40/45 edge_loss=0.0241, title_loss=0.0019, loss=0.0260
Validating ['swde_HTMLgraphs/movie/movie/movie-allmovie(2000)'] website type
Epoch 078/120 loss=0.1903  P=0.627 R=0.627 F1=0.627  lr=7.46e-07  E_features=False A_features=True
epoch 20/45 edge_loss=0.0236, title_loss=0.0035, loss=0.0271
epoch 40/45 edge_loss=0.0227, title_loss=0.0023, loss=0.0250
Validating ['swde_HTMLgraphs/movie/movie/movie-allmovie(2000)'] website type
Epoch 079/120 loss=0.1914  P=0.628 R=0.627 F1=0.627  lr=1.84e-07  E_features=False A_features=True
epoch 20/45 edge_loss=0.0231, title_loss=0.0026, loss=0.0258
epoch 40/45 edge_loss=0.0239, title_loss=0.0027, loss=0.0266
Validating ['swde_HTMLgraphs/movie/movie/movie-allmovie(2000)'] website type
Epoch 080/120 loss=0.1926  P=0.627 R=0.627 F1=0.627  lr=1.69e-09  E_features=False A_features=True
epoch 20/45 edge_loss=0.0245, title_loss=0.0024, loss=0.0270
epoch 40/45 edge_loss=0.0242, title_loss=0.0030, loss=0.0272
Validating ['swde_HTMLgraphs/movie/movie/movie-allmovie(2000)'] website type
Epoch 081/120 loss=0.1944  P=0.629 R=0.629 F1=0.629  lr=7.28e-05  E_features=True A_features=True
epoch 20/45 edge_loss=0.0234, title_loss=0.0029, loss=0.0263
epoch 40/45 edge_loss=0.0226, title_loss=0.0028, loss=0.0255
Validating ['swde_HTMLgraphs/movie/movie/movie-allmovie(2000)'] website type
Epoch 082/120 loss=0.1958  P=0.637 R=0.637 F1=0.637  lr=2.10e-04  E_features=True A_features=True
epoch 20/45 edge_loss=0.0230, title_loss=0.0025, loss=0.0256
epoch 40/45 edge_loss=0.0233, title_loss=0.0031, loss=0.0264
Validating ['swde_HTMLgraphs/movie/movie/movie-allmovie(2000)'] website type
Epoch 083/120 loss=0.1937  P=0.634 R=0.634 F1=0.634  lr=3.46e-04  E_features=True A_features=True
epoch 20/45 edge_loss=0.0224, title_loss=0.0023, loss=0.0247
epoch 40/45 edge_loss=0.0224, title_loss=0.0022, loss=0.0246
Validating ['swde_HTMLgraphs/movie/movie/movie-allmovie(2000)'] website type
Epoch 084/120 loss=0.2020  P=0.627 R=0.626 F1=0.626  lr=4.00e-04  E_features=True A_features=True
epoch 20/45 edge_loss=0.0221, title_loss=0.0025, loss=0.0246
epoch 40/45 edge_loss=0.0219, title_loss=0.0024, loss=0.0242
Validating ['swde_HTMLgraphs/movie/movie/movie-allmovie(2000)'] website type
Epoch 085/120 loss=0.2011  P=0.630 R=0.630 F1=0.630  lr=3.99e-04  E_features=True A_features=True
epoch 20/45 edge_loss=0.0214, title_loss=0.0031, loss=0.0245
epoch 40/45 edge_loss=0.0207, title_loss=0.0030, loss=0.0237
Validating ['swde_HTMLgraphs/movie/movie/movie-allmovie(2000)'] website type
Epoch 086/120 loss=0.2085  P=0.628 R=0.627 F1=0.628  lr=3.97e-04  E_features=True A_features=True
epoch 20/45 edge_loss=0.0207, title_loss=0.0035, loss=0.0242
epoch 40/45 edge_loss=0.0216, title_loss=0.0036, loss=0.0252
Validating ['swde_HTMLgraphs/movie/movie/movie-allmovie(2000)'] website type
Epoch 087/120 loss=0.2256  P=0.622 R=0.622 F1=0.622  lr=3.93e-04  E_features=True A_features=True
epoch 20/45 edge_loss=0.0209, title_loss=0.0030, loss=0.0238
epoch 40/45 edge_loss=0.0212, title_loss=0.0030, loss=0.0242
Validating ['swde_HTMLgraphs/movie/movie/movie-allmovie(2000)'] website type
Epoch 088/120 loss=0.2305  P=0.621 R=0.621 F1=0.621  lr=3.88e-04  E_features=True A_features=True
epoch 20/45 edge_loss=0.0207, title_loss=0.0030, loss=0.0237
epoch 40/45 edge_loss=0.0205, title_loss=0.0033, loss=0.0237
Validating ['swde_HTMLgraphs/movie/movie/movie-allmovie(2000)'] website type
Epoch 089/120 loss=0.2361  P=0.618 R=0.618 F1=0.618  lr=3.81e-04  E_features=True A_features=True
epoch 20/45 edge_loss=0.0201, title_loss=0.0026, loss=0.0227
epoch 40/45 edge_loss=0.0198, title_loss=0.0033, loss=0.0231
Validating ['swde_HTMLgraphs/movie/movie/movie-allmovie(2000)'] website type
Epoch 090/120 loss=0.2557  P=0.611 R=0.610 F1=0.611  lr=3.73e-04  E_features=True A_features=True
epoch 20/45 edge_loss=0.0206, title_loss=0.0031, loss=0.0237
epoch 40/45 edge_loss=0.0195, title_loss=0.0025, loss=0.0220
Validating ['swde_HTMLgraphs/movie/movie/movie-allmovie(2000)'] website type
Epoch 091/120 loss=0.2593  P=0.602 R=0.602 F1=0.602  lr=3.64e-04  E_features=True A_features=True
epoch 20/45 edge_loss=0.0199, title_loss=0.0034, loss=0.0233
epoch 40/45 edge_loss=0.0192, title_loss=0.0027, loss=0.0219
Validating ['swde_HTMLgraphs/movie/movie/movie-allmovie(2000)'] website type
Epoch 092/120 loss=0.2831  P=0.602 R=0.602 F1=0.602  lr=3.53e-04  E_features=True A_features=True
epoch 20/45 edge_loss=0.0192, title_loss=0.0030, loss=0.0222
epoch 40/45 edge_loss=0.0192, title_loss=0.0035, loss=0.0227
Validating ['swde_HTMLgraphs/movie/movie/movie-allmovie(2000)'] website type
Epoch 093/120 loss=0.2727  P=0.602 R=0.601 F1=0.602  lr=3.41e-04  E_features=True A_features=True
epoch 20/45 edge_loss=0.0189, title_loss=0.0029, loss=0.0218
epoch 40/45 edge_loss=0.0190, title_loss=0.0025, loss=0.0215
Validating ['swde_HTMLgraphs/movie/movie/movie-allmovie(2000)'] website type
Epoch 094/120 loss=0.2832  P=0.593 R=0.592 F1=0.592  lr=3.28e-04  E_features=True A_features=True
epoch 20/45 edge_loss=0.0188, title_loss=0.0020, loss=0.0208
epoch 40/45 edge_loss=0.0185, title_loss=0.0023, loss=0.0208
Validating ['swde_HTMLgraphs/movie/movie/movie-allmovie(2000)'] website type
Epoch 095/120 loss=0.2882  P=0.591 R=0.591 F1=0.591  lr=3.14e-04  E_features=True A_features=True
epoch 20/45 edge_loss=0.0190, title_loss=0.0043, loss=0.0232
epoch 40/45 edge_loss=0.0183, title_loss=0.0033, loss=0.0215
Validating ['swde_HTMLgraphs/movie/movie/movie-allmovie(2000)'] website type
Epoch 096/120 loss=0.2967  P=0.588 R=0.588 F1=0.588  lr=3.00e-04  E_features=True A_features=True
epoch 20/45 edge_loss=0.0183, title_loss=0.0026, loss=0.0209
epoch 40/45 edge_loss=0.0184, title_loss=0.0028, loss=0.0212
Validating ['swde_HTMLgraphs/movie/movie/movie-allmovie(2000)'] website type
Epoch 097/120 loss=0.2918  P=0.588 R=0.588 F1=0.588  lr=2.84e-04  E_features=True A_features=True
epoch 20/45 edge_loss=0.0180, title_loss=0.0032, loss=0.0212
epoch 40/45 edge_loss=0.0176, title_loss=0.0037, loss=0.0214
Validating ['swde_HTMLgraphs/movie/movie/movie-allmovie(2000)'] website type
Epoch 098/120 loss=0.3078  P=0.580 R=0.580 F1=0.580  lr=2.68e-04  E_features=True A_features=True
epoch 20/45 edge_loss=0.0177, title_loss=0.0019, loss=0.0196
epoch 40/45 edge_loss=0.0177, title_loss=0.0020, loss=0.0197
Validating ['swde_HTMLgraphs/movie/movie/movie-allmovie(2000)'] website type
Epoch 099/120 loss=0.3103  P=0.583 R=0.583 F1=0.583  lr=2.51e-04  E_features=True A_features=True
epoch 20/45 edge_loss=0.0168, title_loss=0.0024, loss=0.0192
epoch 40/45 edge_loss=0.0171, title_loss=0.0027, loss=0.0198
Validating ['swde_HTMLgraphs/movie/movie/movie-allmovie(2000)'] website type
Epoch 100/120 loss=0.3180  P=0.574 R=0.574 F1=0.574  lr=2.34e-04  E_features=True A_features=True
epoch 20/45 edge_loss=0.0167, title_loss=0.0044, loss=0.0211
epoch 40/45 edge_loss=0.0168, title_loss=0.0039, loss=0.0207
Validating ['swde_HTMLgraphs/movie/movie/movie-allmovie(2000)'] website type
Epoch 101/120 loss=0.3191  P=0.571 R=0.571 F1=0.571  lr=2.17e-04  E_features=True A_features=True
epoch 20/45 edge_loss=0.0164, title_loss=0.0023, loss=0.0187
epoch 40/45 edge_loss=0.0172, title_loss=0.0026, loss=0.0198
Validating ['swde_HTMLgraphs/movie/movie/movie-allmovie(2000)'] website type
Epoch 102/120 loss=0.3296  P=0.569 R=0.569 F1=0.569  lr=2.00e-04  E_features=True A_features=True
epoch 20/45 edge_loss=0.0168, title_loss=0.0026, loss=0.0194
epoch 40/45 edge_loss=0.0167, title_loss=0.0029, loss=0.0197
Validating ['swde_HTMLgraphs/movie/movie/movie-allmovie(2000)'] website type
Epoch 103/120 loss=0.3359  P=0.569 R=0.569 F1=0.569  lr=1.82e-04  E_features=True A_features=True
epoch 20/45 edge_loss=0.0164, title_loss=0.0037, loss=0.0202
epoch 40/45 edge_loss=0.0167, title_loss=0.0024, loss=0.0192
Validating ['swde_HTMLgraphs/movie/movie/movie-allmovie(2000)'] website type
Epoch 104/120 loss=0.3345  P=0.569 R=0.569 F1=0.569  lr=1.65e-04  E_features=True A_features=True
epoch 20/45 edge_loss=0.0163, title_loss=0.0040, loss=0.0204
epoch 40/45 edge_loss=0.0159, title_loss=0.0024, loss=0.0183
Validating ['swde_HTMLgraphs/movie/movie/movie-allmovie(2000)'] website type
Epoch 105/120 loss=0.3426  P=0.566 R=0.566 F1=0.566  lr=1.48e-04  E_features=True A_features=True
epoch 20/45 edge_loss=0.0163, title_loss=0.0025, loss=0.0188
epoch 40/45 edge_loss=0.0164, title_loss=0.0036, loss=0.0199
Validating ['swde_HTMLgraphs/movie/movie/movie-allmovie(2000)'] website type
Epoch 106/120 loss=0.3391  P=0.566 R=0.566 F1=0.566  lr=1.31e-04  E_features=True A_features=True
epoch 20/45 edge_loss=0.0165, title_loss=0.0030, loss=0.0195
epoch 40/45 edge_loss=0.0162, title_loss=0.0032, loss=0.0194
Validating ['swde_HTMLgraphs/movie/movie/movie-allmovie(2000)'] website type
Epoch 107/120 loss=0.3501  P=0.565 R=0.565 F1=0.565  lr=1.15e-04  E_features=True A_features=True
epoch 20/45 edge_loss=0.0161, title_loss=0.0028, loss=0.0189
epoch 40/45 edge_loss=0.0162, title_loss=0.0028, loss=0.0190
Validating ['swde_HTMLgraphs/movie/movie/movie-allmovie(2000)'] website type
Epoch 108/120 loss=0.3461  P=0.566 R=0.566 F1=0.566  lr=9.97e-05  E_features=True A_features=True
epoch 20/45 edge_loss=0.0159, title_loss=0.0035, loss=0.0194
epoch 40/45 edge_loss=0.0167, title_loss=0.0027, loss=0.0194
Validating ['swde_HTMLgraphs/movie/movie/movie-allmovie(2000)'] website type
Epoch 109/120 loss=0.3493  P=0.565 R=0.565 F1=0.565  lr=8.50e-05  E_features=True A_features=True
epoch 20/45 edge_loss=0.0161, title_loss=0.0023, loss=0.0185
epoch 40/45 edge_loss=0.0156, title_loss=0.0029, loss=0.0184
Validating ['swde_HTMLgraphs/movie/movie/movie-allmovie(2000)'] website type
Epoch 110/120 loss=0.3494  P=0.566 R=0.566 F1=0.566  lr=7.11e-05  E_features=True A_features=True
epoch 20/45 edge_loss=0.0156, title_loss=0.0038, loss=0.0195
epoch 40/45 edge_loss=0.0156, title_loss=0.0042, loss=0.0198
Validating ['swde_HTMLgraphs/movie/movie/movie-allmovie(2000)'] website type
Epoch 111/120 loss=0.3506  P=0.566 R=0.566 F1=0.566  lr=5.83e-05  E_features=True A_features=True
epoch 20/45 edge_loss=0.0162, title_loss=0.0039, loss=0.0201
epoch 40/45 edge_loss=0.0154, title_loss=0.0028, loss=0.0182
Validating ['swde_HTMLgraphs/movie/movie/movie-allmovie(2000)'] website type
Epoch 112/120 loss=0.3527  P=0.566 R=0.565 F1=0.566  lr=4.65e-05  E_features=True A_features=True
epoch 20/45 edge_loss=0.0157, title_loss=0.0032, loss=0.0189
epoch 40/45 edge_loss=0.0154, title_loss=0.0047, loss=0.0201
Validating ['swde_HTMLgraphs/movie/movie/movie-allmovie(2000)'] website type
Epoch 113/120 loss=0.3533  P=0.566 R=0.566 F1=0.566  lr=3.59e-05  E_features=True A_features=True
epoch 20/45 edge_loss=0.0162, title_loss=0.0031, loss=0.0193
epoch 40/45 edge_loss=0.0156, title_loss=0.0027, loss=0.0183
Validating ['swde_HTMLgraphs/movie/movie/movie-allmovie(2000)'] website type
Epoch 114/120 loss=0.3554  P=0.568 R=0.567 F1=0.567  lr=2.66e-05  E_features=True A_features=True
epoch 20/45 edge_loss=0.0159, title_loss=0.0035, loss=0.0195
epoch 40/45 edge_loss=0.0160, title_loss=0.0030, loss=0.0190
Validating ['swde_HTMLgraphs/movie/movie/movie-allmovie(2000)'] website type
Epoch 115/120 loss=0.3569  P=0.567 R=0.567 F1=0.567  lr=1.86e-05  E_features=True A_features=True
epoch 20/45 edge_loss=0.0158, title_loss=0.0024, loss=0.0182
epoch 40/45 edge_loss=0.0158, title_loss=0.0031, loss=0.0188
Validating ['swde_HTMLgraphs/movie/movie/movie-allmovie(2000)'] website type
Epoch 116/120 loss=0.3580  P=0.567 R=0.567 F1=0.567  lr=1.19e-05  E_features=True A_features=True
epoch 20/45 edge_loss=0.0161, title_loss=0.0044, loss=0.0206
epoch 40/45 edge_loss=0.0150, title_loss=0.0045, loss=0.0195
Validating ['swde_HTMLgraphs/movie/movie/movie-allmovie(2000)'] website type
Epoch 117/120 loss=0.3594  P=0.567 R=0.567 F1=0.567  lr=6.72e-06  E_features=True A_features=True
epoch 20/45 edge_loss=0.0157, title_loss=0.0032, loss=0.0189
epoch 40/45 edge_loss=0.0155, title_loss=0.0032, loss=0.0187
Validating ['swde_HTMLgraphs/movie/movie/movie-allmovie(2000)'] website type
Epoch 118/120 loss=0.3609  P=0.567 R=0.567 F1=0.567  lr=2.97e-06  E_features=True A_features=True
epoch 20/45 edge_loss=0.0152, title_loss=0.0032, loss=0.0184
epoch 40/45 edge_loss=0.0154, title_loss=0.0025, loss=0.0179
Validating ['swde_HTMLgraphs/movie/movie/movie-allmovie(2000)'] website type
Epoch 119/120 loss=0.3622  P=0.567 R=0.567 F1=0.567  lr=7.29e-07  E_features=True A_features=True
epoch 20/45 edge_loss=0.0157, title_loss=0.0034, loss=0.0192
epoch 40/45 edge_loss=0.0153, title_loss=0.0029, loss=0.0182
Validating ['swde_HTMLgraphs/movie/movie/movie-allmovie(2000)'] website type
Epoch 120/120 loss=0.3635  P=0.567 R=0.567 F1=0.567  lr=1.98e-09  E_features=True A_features=True
