/vol/bitbucket/mjh24/IAEA-thesis/.venv/lib/python3.12/site-packages/transformers/utils/hub.py:111: FutureWarning: Using `TRANSFORMERS_CACHE` is deprecated and will be removed in v5 of Transformers. Use `HF_HOME` instead.
  warnings.warn(
Loading checkpoint shards:   0%|          | 0/2 [00:00<?, ?it/s]Loading checkpoint shards: 100%|██████████| 2/2 [00:00<00:00, 25.13it/s]
['ap300 smr', 'the ap300 smr is the next evolution of the licensed ap1000 technology']
the ap300 smr is the next evolution of the licensed ap1000 technology

['the ap300 smr is the next evolution of the licensed ap1000 technology', 'ap300 smr']
the ap300 smr is the next evolution of the licensed ap1000 technology

['evinci microreactor', 'the next generation small modular reactor for remote applications']
evinci microreactor is the next generation small modular reactor for remote applications

['the next generation small modular reactor for remote applications', 'evinci microreactor']
the next generation small modular reactor for remote applications

['enhance your training staffing and outsourcing needs with our training and resource solutions', 'westinghousenavigator']
enhance your training staffing and outsourcing needs with our training and resource solutions

['westinghousenavigator', 'enhance your training staffing and outsourcing needs with our training and resource solutions']
enhance your staffing and outsourcing needs with our training and resource solutions

['enhance your training staffing and outsourcing needs with our training and resource solutions', 'westinghouseiq']
enhance your training staffing and outsourcing needs with our training and resource solutions

['westinghouseiq', 'enhance your training staffing and outsourcing needs with our training and resource solutions']
enhance your training staffing and outsourcing needs with our training and resource solutions

['when it comes to creating a more sustainable planet the need for renewable energy cant replace the need for safe energy with nuclear power you get the best of both worlds', 'safety getting the facts right']
when it comes to creating a more sustainable planet the need for renewable energy cant replace the need for safe energy with nuclear power you get the best of both worlds

['safety getting the facts right', 'when it comes to creating a more sustainable planet the need for renewable energy cant replace the need for safe energy with nuclear power you get the best of both worlds']
safety getting the facts right

['ap1000 pwr', "the world's first proven generation iii pressurized water reactor and passive safety plant available"]
ap1000 pwr is the world's first proven generation iii pressurized water reactor and passive safety plant available

["the world's first proven generation iii pressurized water reactor and passive safety plant available", 'ap1000 pwr']
the world's first proven generation iii pressurized water reactor and passive safety plant available

['the ap300 smr is the next evolution of the licensed ap1000 technology', 'evinci microreactor']
the ap300 smr is the next evolution of the licensed ap1000 technology

['evinci microreactor', 'the ap300 smr is the next evolution of the licensed ap1000 technology']
evinci microreactor is the next evolution of the licensed ap1000 technology

['ap1000 pwr', 'the ap300 smr is the next evolution of the licensed ap1000 technology']
the ap300 smr is the next evolution of the licensed ap1000 technology

['the ap300 smr is the next evolution of the licensed ap1000 technology', 'ap1000 pwr']
the ap300 smr is the next evolution of the licensed ap1000 technology

['balancing wind solar and nuclear power will help achieve a carbonfree future and positively impact our changing climate over the past 50 years globally nuclear power has avoided nearly two years of the worlds energyrelated co2 emissions imagine how much more carbon pollution we can prevent', 'carbonfree energy']
balancing wind solar and nuclear power will help achieve a carbonfree future and positively impact our changing climate over the past 50 years globally nuclear power has avoided nearly two years of the worlds energyrelated co2 emissions imagine how much more carbon pollution we can prevent

['carbonfree energy', 'balancing wind solar and nuclear power will help achieve a carbonfree future and positively impact our changing climate over the past 50 years globally nuclear power has avoided nearly two years of the worlds energyrelated co2 emissions imagine how much more carbon pollution we can prevent']
balancing wind solar and nuclear power will help achieve a carbonfree future and positively impact our changing climate over the past 50 years globally nuclear power has avoided nearly two years of the worlds energyrelated co2 emissions imagine how much more carbon pollution we can prevent

['ap1000 pwr', 'the next generation small modular reactor for remote applications']
ap1000 pwr

['the next generation small modular reactor for remote applications', 'ap1000 pwr']
the next generation small modular reactor for remote applications

['westinghousenuclearning', 'enhance your training staffing and outsourcing needs with our training and resource solutions']
enhance your training staffing and outsourcing needs with our training and resource solutions

['enhance your training staffing and outsourcing needs with our training and resource solutions', 'westinghousenuclearning']
enhance your training staffing and outsourcing needs with our training and resource solutions

['ap300 smr', 'the next generation small modular reactor for remote applications']
ap300 smr is the next generation small modular reactor for remote applications

['the next generation small modular reactor for remote applications', 'ap300 smr']
the next generation small modular reactor for remote applications

["the fact is it's safetruth is a person working fulltime in a nuclear power plant receives less additional radiation in a year than a flight crew or a business traveler with 250 hours of flying time", 'when it comes to creating a more sustainable planet the need for renewable energy cant replace the need for safe energy with nuclear power you get the best of both worlds']
the fact is it's safetruth is a person working fulltime in a nuclear power plant receives less additional radiation in a year than a flight crew or a business traveler with 250 hours of flying time

['when it comes to creating a more sustainable planet the need for renewable energy cant replace the need for safe energy with nuclear power you get the best of both worlds', "the fact is it's safetruth is a person working fulltime in a nuclear power plant receives less additional radiation in a year than a flight crew or a business traveler with 250 hours of flying time"]
when it comes to creating a more sustainable planet the need for renewable energy cant replace the need for safe energy with nuclear power you get the best of both worlds

["the world's first proven generation iii pressurized water reactor and passive safety plant available", 'evinci microreactor']
the world's first proven generation iii pressurized water reactor and passive safety plant available

['evinci microreactor', "the world's first proven generation iii pressurized water reactor and passive safety plant available"]
evinci microreactor is the world's first proven generation iii pressurized water reactor and passive safety plant available

['solar wind and nuclear energy are essential to a carbonfree future but the sun doesnt always shine and the wind doesnt always blow nuclear power plants are almost always on delivering the highest availability energy source and operating at maximum capacity more than 90% of the time', 'shaping the future with reliable energy']
solar wind and nuclear energy are essential to a carbonfree future but the sun doesnt always shine and the wind doesnt always blow nuclear power plants are almost always on delivering the highest availability energy source and operating at maximum capacity more than 90% of the time

['shaping the future with reliable energy', 'solar wind and nuclear energy are essential to a carbonfree future but the sun doesnt always shine and the wind doesnt always blow nuclear power plants are almost always on delivering the highest availability energy source and operating at maximum capacity more than 90% of the time']
solar wind and nuclear energy are essential to a carbonfree future but the sun doesnt always shine and the wind doesnt always blow nuclear power plants are almost always on delivering the highest availability energy source and operating at maximum capacity more than 90% of the time

["the world's first proven generation iii pressurized water reactor and passive safety plant available", 'ap300 smr']
the world's first proven generation iii pressurized water reactor and passive safety plant available

['ap300 smr', "the world's first proven generation iii pressurized water reactor and passive safety plant available"]
ap300 smr is the world's first proven generation iii pressurized water reactor and passive safety plant available

['balancing wind solar and nuclear power will help achieve a carbonfree future and positively impact our changing climate over the past 50 years globally nuclear power has avoided nearly two years of the worlds energyrelated co2 emissions imagine how much more carbon pollution we can prevent', 'nuclear energyprovides 55% of the uss and 14% of the worlds carbonfree energy']
balancing wind solar and nuclear power will help achieve a carbonfree future and positively impact our changing climate over the past 50 years globally nuclear power has avoided nearly two years of the worlds energyrelated co2 emissions imagine how much more carbon pollution we can prevent

['nuclear energyprovides 55% of the uss and 14% of the worlds carbonfree energy', 'balancing wind solar and nuclear power will help achieve a carbonfree future and positively impact our changing climate over the past 50 years globally nuclear power has avoided nearly two years of the worlds energyrelated co2 emissions imagine how much more carbon pollution we can prevent']
nuclear energyprovides 55% of the uss and 14% of the worlds carbonfree energy

['project management support', 'quality environment health safety']
quality environment health safety

['quality environment health safety', 'project management support']
quality environment health safety

['engineering', 'corporate']
engineering is a corporate

['corporate', 'engineering']
engineering is a corporate

['safety getting the facts right', "the fact is it's safetruth is a person working fulltime in a nuclear power plant receives less additional radiation in a year than a flight crew or a business traveler with 250 hours of flying time"]
the fact is it's safetruth is a person working fulltime in a nuclear power plant receives less additional radiation in a year than a flight crew or a business traveler with 250 hours of flying time

["the fact is it's safetruth is a person working fulltime in a nuclear power plant receives less additional radiation in a year than a flight crew or a business traveler with 250 hours of flying time", 'safety getting the facts right']
the fact is it's safetruth is a person working fulltime in a nuclear power plant receives less additional radiation in a year than a flight crew or a business traveler with 250 hours of flying time

['westinghouse partners with richland county ems to host training video series', 'westinghouse partnered with the richland county ems to host a series of training videos at their facility the training videos filmed onsite at westinghouse in hopkins signals a collaboration that focuses on producing highquality instructional content aimed at improving skills and knowledge among emergency medical personnel']
westinghouse partnered with the richland county ems to host a series of training videos at their facility the training videos filmed onsite at westinghouse in hopkins signals a collaboration that focuses on producing highquality instructional content aimed at improving skills and knowledge among emergency medical personnel

['westinghouse partnered with the richland county ems to host a series of training videos at their facility the training videos filmed onsite at westinghouse in hopkins signals a collaboration that focuses on producing highquality instructional content aimed at improving skills and knowledge among emergency medical personnel', 'westinghouse partners with richland county ems to host training video series']
westinghouse partnered with the richland county ems to host a series of training videos at their facility the training videos filmed onsite at westinghouse in hopkins signals a collaboration that focuses on producing highquality instructional content aimed at improving skills and knowledge among emergency medical personnel

['carbonfree energy', 'nuclear energyprovides 55% of the uss and 14% of the worlds carbonfree energy']
nuclear energyprovides 55% of the uss and 14% of the worlds carbonfree energy

['nuclear energyprovides 55% of the uss and 14% of the worlds carbonfree energy', 'carbonfree energy']
nuclear energyprovides 55% of the uss and 14% of the worlds carbonfree energy

['presidents kaizen week unlocks innovation across americas outage maintenance services', 'at westinghouse we believe that continuous improvement isnt just a goal its a mindset that approach came to life during our recent presidents kaizen week a dynamic crossfunctional initiative aimed at streamlining key business processes using lean methodologies originated by toyota production system for manufacturing improvements lean helps deliver maximum value to customers by identifying and eliminating waste']
presidents kaizen week unlocks innovation across americas outage maintenance services

['at westinghouse we believe that continuous improvement isnt just a goal its a mindset that approach came to life during our recent presidents kaizen week a dynamic crossfunctional initiative aimed at streamlining key business processes using lean methodologies originated by toyota production system for manufacturing improvements lean helps deliver maximum value to customers by identifying and eliminating waste', 'presidents kaizen week unlocks innovation across americas outage maintenance services']
at westinghouse we believe that continuous improvement isnt just a goal its a mindset that approach came to life during our recent presidents kaizen week a dynamic crossfunctional initiative aimed at streamlining key business processes using lean methodologies originated by toyota production system for manufacturing

['project management support', 'corporate']
project management support is provided by corporate

['quality environment health safety', 'corporate']
quality environment health safety corporate

['project management support', 'engineering']
project management support is needed in engineering

['quality environment health safety', 'engineering']
quality environment health safety

['manufacturing operations maintenance', 'engineering']
manufacturing operations maintenance

['manufacturing operations maintenance', 'project management support']
manufacturing operations maintenance project management support

['global directory x', 'westinghousenuclearning']
global directory x

['westinghouse joins texas nuclear alliance as a founding member', 'westinghouse ap1000 design receives us licensing extension to 2046']
westinghouse ap1000 design receives us licensing extension to 2046

['westinghouse ap1000 design receives us licensing extension to 2046', 'westinghouse joins texas nuclear alliance as a founding member']
westinghouse ap1000 design receives us licensing extension to 2046

['global directory x', 'westinghouseiq']
global directory x

['westinghousenuclearning', 'bulgaria bulgarian']
westinghousenuclearning

['bulgaria bulgarian', 'westinghousenuclearning']
westinghousenuclear learning bulgaria bulgarian

["shaping tomorrow's energythrough advanced nuclear technology", 'westinghousenuclearning']
shaping tomorrow's energythrough advanced nuclear technology

['westinghousenuclearning', "shaping tomorrow's energythrough advanced nuclear technology"]
shaping tomorrow's energythrough advanced nuclear technology

['poland polish', 'westinghousenuclearning']
westinghousenuclear learning poland polish

['bulgaria bulgarian', 'global directory x']
bulgaria bulgarian

['westinghouse joins texas nuclear alliance as a founding member', 'fermi america partners with westinghouse to support licensing for four ap1000 units']
westinghouse joins texas nuclear alliance as a founding member

['fermi america partners with westinghouse to support licensing for four ap1000 units', 'westinghouse joins texas nuclear alliance as a founding member']
fermi america partners with westinghouse to support licensing for four ap1000 units

['westinghouseiq', 'bulgaria bulgarian']
westinghouseiq

['westinghouse ap1000 design receives us licensing extension to 2046', 'fermi america partners with westinghouse to support licensing for four ap1000 units']
westinghouse ap1000 design receives us licensing extension to 2046

['fermi america partners with westinghouse to support licensing for four ap1000 units', 'westinghouse ap1000 design receives us licensing extension to 2046']
fermi america partners with westinghouse to support licensing for four ap1000 units

['westinghouse partnered with the richland county ems to host a series of training videos at their facility the training videos filmed onsite at westinghouse in hopkins signals a collaboration that focuses on producing highquality instructional content aimed at improving skills and knowledge among emergency medical personnel', 'at westinghouse we believe that continuous improvement isnt just a goal its a mindset that approach came to life during our recent presidents kaizen week a dynamic crossfunctional initiative aimed at streamlining key business processes using lean methodologies originated by toyota production system for manufacturing improvements lean helps deliver maximum value to customers by identifying and eliminating waste']
westinghouse partnered with the richland county ems to host a series of training videos at their facility the training videos filmed onsite at westinghouse in hopkins signals a collaboration that focuses on producing highquality instructional content aimed at improving skills and knowledge among emergency medical personnel

['westinghousenuclearning', 'canada english']
westinghousenuclear learning

['canada english', 'westinghousenuclearning']
westinghouse nuclear learning canada english

['poland polish', 'global directory x']
poland polish

["shaping tomorrow's energythrough advanced nuclear technology", 'westinghouseiq']
shaping tomorrow's energythrough advanced nuclear technology

['presidents kaizen week unlocks innovation across americas outage maintenance services', 'westinghouse partnered with the richland county ems to host a series of training videos at their facility the training videos filmed onsite at westinghouse in hopkins signals a collaboration that focuses on producing highquality instructional content aimed at improving skills and knowledge among emergency medical personnel']
presidents kaizen week unlocks innovation across americas outage maintenance services

['westinghouse partnered with the richland county ems to host a series of training videos at their facility the training videos filmed onsite at westinghouse in hopkins signals a collaboration that focuses on producing highquality instructional content aimed at improving skills and knowledge among emergency medical personnel', 'presidents kaizen week unlocks innovation across americas outage maintenance services']
westinghouse partnered with the richland county ems to host a series of training videos at their facility the training videos filmed onsite at westinghouse in hopkins signals a collaboration that focuses on producing highquality instructional content aimed at improving skills and knowledge among emergency medical personnel

['westinghouseiq', 'canada english']
westinghouseiq is a tv channel in canada english

['the established design of the ap1000 reactor offers unequaled safety economic competitiveness and improved more efficient operations', 'westinghousenuclearning']
the established design of the ap1000 reactor offers unequaled safety economic competitiveness and improved more efficient operations

['westinghousenuclearning', 'slovakia slovak']
westinghousenuclearning

["shaping tomorrow's energythrough advanced nuclear technology", 'westinghousenavigator']
shaping tomorrow's energythrough advanced nuclear technology

['canada english', 'global directory x']
canada english

['bulgaria bulgarian', 'slovakia slovak']
Bulgarian is the official language of Bulgaria.

['westinghousenuclearning', 'the evinci microreactor is a nextgeneration micromodular reactor combining innovative technologies with over 60 years of commercial nuclear expertise']
the evinci microreactor is a nextgeneration micromodular reactor

['the evinci microreactor is a nextgeneration micromodular reactor combining innovative technologies with over 60 years of commercial nuclear expertise', 'westinghousenuclearning']
the evinci microreactor is a nextgeneration micromodular reactor combining innovative technologies with over 60 years of commercial nuclear expertise

['bulgaria bulgarian', 'slovenia slovenian']
Bulgarian is the official language of Bulgaria.

['bulgaria bulgarian', 'czech republic czech']
bulgaria bulgarian

['westinghousenuclearning', 'slovenia slovenian']
westinghousenuclearning

['slovakia slovak', 'poland polish']
poland polish

['slovakia slovak', 'global directory x']
slovakia slovak

['bulgaria bulgarian', 'sweden swedish']
Bulgarian is the official language of Bulgaria.

['westinghouseiq', 'the evinci microreactor is a nextgeneration micromodular reactor combining innovative technologies with over 60 years of commercial nuclear expertise']
the evinci microreactor is a nextgeneration micromodular reactor combining innovative technologies with over 60 years of commercial nuclear expertise

['slovenia slovenian', 'poland polish']
poland polish

['slovenia slovenian', 'global directory x']
slovenia slovenian

['bulgaria bulgarian', 'ukraine ukrainian']
Bulgarian is the official language of Bulgaria.

['westinghousenuclearning', 'czech republic czech']
westinghousenuclearning

['bulgaria bulgarian', 'japan japanese']
Bulgarian is the official language of Bulgaria.

['czech republic czech', 'poland polish']
poland polish czech republic czech

['the established design of the ap1000 reactor offers unequaled safety economic competitiveness and improved more efficient operations', 'for the only smr based on advanced reactor technology thats already licensed and operating ap300 is the proven choice']
the established design of the ap1000 reactor offers unequaled safety economic competitiveness and improved more efficient operations

['for the only smr based on advanced reactor technology thats already licensed and operating ap300 is the proven choice', 'the established design of the ap1000 reactor offers unequaled safety economic competitiveness and improved more efficient operations']
for the only smr based on advanced reactor technology thats already licensed and operating ap300 is the proven choice

['czech republic czech', 'global directory x']
czech republic czech

['bulgaria bulgarian', 'united kingdom english']
bulgaria bulgarian

['westinghousenuclearning', 'sweden swedish']
westinghousenuclear learning

['sweden swedish', 'poland polish']
poland polish

['westinghouse partners with richland county ems to host training video series', 'presidents kaizen week unlocks innovation across americas outage maintenance services']
westinghouse partners with richland county ems to host training video series

['for the only smr based on advanced reactor technology thats already licensed and operating ap300 is the proven choice', 'westinghousenuclearning']
for the only smr based on advanced reactor technology thats already licensed and operating ap300 is the proven choice

['sweden swedish', 'global directory x']
sweden swedish

['the evinci microreactor is a nextgeneration micromodular reactor combining innovative technologies with over 60 years of commercial nuclear expertise', 'the established design of the ap1000 reactor offers unequaled safety economic competitiveness and improved more efficient operations']
The evinci microreactor is a nextgeneration micromodular reactor combining innovative technologies with over 60 years of commercial nuclear expertise

['poland polish', 'ukraine ukrainian']
poland is a polish country.

['ukraine ukrainian', 'poland polish']
ukraine ukrainian

['ukraine ukrainian', 'global directory x']
ukraine ukrainian

['poland polish', 'japan japanese']
poland polish

['japan japanese', 'poland polish']
japanese language is spoken in the polish federation

['japan japanese', 'global directory x']
japan japanese

['poland polish', 'united kingdom english']
poland polish

['united kingdom english', 'poland polish']
united kingdom english poland

['news', 'westinghousenuclearning']
westinghouse nuc learning news

['united kingdom english', 'global directory x']
united kingdom english

['shape your future', 'manufacturing operations maintenance']
manufacturing operations maintenance

['manufacturing operations maintenance', 'shape your future']
manufacturing operations maintenance

['shape your future', 'evinci microreactor']
evinci microreactor shape your future

['westinghousenuclearning', 'shape your future']
shape your future

['westinghouse ap1000 design receives us licensing extension to 2046', 'news']
westinghouse ap1000 design receives us licensing extension to 2046

['westinghouse joins texas nuclear alliance as a founding member', 'news']
westinghouse joins texas nuclear alliance as a founding member

['fermi america partners with westinghouse to support licensing for four ap1000 units', 'news']
fermi america partners with westinghouse to support licensing for four ap1000 units

['product spotlights', 'westinghousenuclearning']
product spotlights

['evinci microreactor', 'product spotlights']
Evinci Microreactor

['product spotlights', 'westinghouseiq']
westinghouseiq product spotlights

['ap1000 pwr', 'product spotlights']
ap1000 pwr

